<?xml version='1.0' encoding='UTF-8'?>
<testsuite hostname="DESKTOP-C0UFSL9" name="services.YTResponseTest" tests="4" errors="0" failures="0" skipped="0" time="0.025" timestamp="2024-12-01T16:29:08">
          <properties>
[...]
</properties>
          <testcase classname="services.YTResponseTest" name="testGettersAndSetters" time="0.0">
                      
                    </testcase><testcase classname="services.YTResponseTest" name="testToString" time="0.015">
                      
                    </testcase><testcase classname="services.YTResponseTest" name="testToHTMLString" time="0.007">
                      
                    </testcase><testcase classname="services.YTResponseTest" name="testEquals" time="0.003">
                      
                    </testcase>
          <system-out><![CDATA[]]></system-out>
          <system-err><![CDATA[]]></system-err>
        </testsuite>