<?xml version='1.0' encoding='UTF-8'?>
<testsuite hostname="LaptopLOQ" name="actors.SentimentActorTest" tests="3" errors="0" failures="0" skipped="0" time="1.188" timestamp="2024-11-28T16:01:27">
          <properties>
[...]
</properties>
          <testcase classname="actors.SentimentActorTest" name="TestSentiment_Happy" time="1.127">
                      
                    </testcase><testcase classname="actors.SentimentActorTest" name="TestSentiment_Normal" time="0.03">
                      
                    </testcase><testcase classname="actors.SentimentActorTest" name="TestSentiment_Sad" time="0.031">
                      
                    </testcase>
          <system-out><![CDATA[]]></system-out>
          <system-err><![CDATA[]]></system-err>
        </testsuite>