[0m[[0m[0mdebug[0m] [0m[0mjavaOptions: Vector(-Djacoco-agent.destfile=C:\Users\zheng\OneDrive\Desktop\CurrentSem\SOEN6441(AdvProgramPractice\SOEN-6441-Project\target\scala-2.13\jacoco\data\jacoco.exec, -Dtestserver.port=19001)[0m
[0m[[0m[0mdebug[0m] [0m[0mForking tests - parallelism = false[0m
[0m[[0m[0mdebug[0m] [0m[0mCreate a single-thread test executor[0m
[0m[[0m[0mdebug[0m] [0m[0mRunner for com.novocode.junit.JUnitFramework produced 7 initial tasks for 7 tests.[0m
[0m[[0m[0mdebug[0m] [0m[0m  Running TaskDef(Model.SearchFormTest, sbt.ForkMain$AnnotatedFingerscan@51c8530f, false, [SuiteSelector])[0m
[0m[[0m[0minfo[0m] [0m[0m[34mTest run [0mModel.[33mSearchFormTest[0m[34m started[0m[0m
[0m[[0m[0minfo[0m] [0m[0mTest Model.[33mSearchFormTest[0m.[36mtestSearchVForm[0m started[0m
[0m[[0m[0mdebug[0m] [0m[0mTest Model.[33mSearchFormTest[0m.[36mtestSearchVForm[0m finished, took 0.021 sec[0m
[0m[[0m[0minfo[0m] [0m[0m[34mTest run [0mModel.[33mSearchFormTest[0m[34m finished: [0m[34m0 failed[0m[34m, [0m[34m0 ignored[0m[34m, 1 total, 0.025s[0m[0m
[0m[[0m[0mdebug[0m] [0m[0m    Produced 0 nested tasks and 1 events.[0m
[0m[[0m[0mdebug[0m] [0m[0m  Running TaskDef(services.YTResponseTest, sbt.ForkMain$AnnotatedFingerscan@7403c468, false, [SuiteSelector])[0m
[0m[[0m[0minfo[0m] [0m[0m[34mTest run [0mservices.[33mYTResponseTest[0m[34m started[0m[0m
[0m[[0m[0minfo[0m] [0m[0mTest services.[33mYTResponseTest[0m.[36mtestGettersAndSetters[0m started[0m
[0m[[0m[0mdebug[0m] [0m[0mTest services.[33mYTResponseTest[0m.[36mtestGettersAndSetters[0m finished, took 0.0 sec[0m
[0m[[0m[0minfo[0m] [0m[0mTest services.[33mYTResponseTest[0m.[36mtestToString[0m started[0m
[0m[[0m[0mdebug[0m] [0m[0mTest services.[33mYTResponseTest[0m.[36mtestToString[0m finished, took 0.016 sec[0m
[0m[[0m[0minfo[0m] [0m[0mTest services.[33mYTResponseTest[0m.[36mtestToHTMLString[0m started[0m
[0m[[0m[0mdebug[0m] [0m[0mTest services.[33mYTResponseTest[0m.[36mtestToHTMLString[0m finished, took 0.006 sec[0m
[0m[[0m[0minfo[0m] [0m[0m[34mTest run [0mservices.[33mYTResponseTest[0m[34m finished: [0m[34m0 failed[0m[34m, [0m[34m0 ignored[0m[34m, 3 total, 0.023s[0m[0m
[0m[[0m[0mdebug[0m] [0m[0m    Produced 0 nested tasks and 3 events.[0m
[0m[[0m[0mdebug[0m] [0m[0m  Running TaskDef(actors.APIActorTest, sbt.ForkMain$AnnotatedFingerscan@43738a82, false, [SuiteSelector])[0m
[0m[[0m[0minfo[0m] [0m[0m[34mTest run [0mactors.[33mAPIActorTest[0m[34m started[0m[0m
[0m[[0m[0minfo[0m] [0m[0mTest actors.[33mAPIActorTest[0m.[36mtestException[0m started[0m
[0m[[0m[0mdebug[0m] [0m[0mTest actors.[33mAPIActorTest[0m.[36mtestException[0m finished, took 1.017 sec[0m
[0m[[0m[0minfo[0m] [0m[0mTest actors.[33mAPIActorTest[0m.[36mtestKeyWordSearch[0m started[0m
[0m[[0m[0mdebug[0m] [0m[0mTest actors.[33mAPIActorTest[0m.[36mtestKeyWordSearch[0m finished, took 0.943 sec[0m
[0m[[0m[0minfo[0m] [0m[0m[34mTest run [0mactors.[33mAPIActorTest[0m[34m finished: [0m[34m0 failed[0m[34m, [0m[34m0 ignored[0m[34m, 2 total, 1.962s[0m[0m
[0m[[0m[0mdebug[0m] [0m[0m    Produced 0 nested tasks and 2 events.[0m
[0m[[0m[0mdebug[0m] [0m[0m  Running TaskDef(actors.ProjectProtocolTest, sbt.ForkMain$AnnotatedFingerscan@c81cdd1, false, [SuiteSelector])[0m
[0m[[0m[0minfo[0m] [0m[0m[34mTest run [0mactors.[33mProjectProtocolTest[0m[34m started[0m[0m
[0m[[0m[0minfo[0m] [0m[0mTest actors.[33mProjectProtocolTest[0m.[36mtestErrorMessage[0m started[0m
[0m[[0m[0mdebug[0m] [0m[0mTest actors.[33mProjectProtocolTest[0m.[36mtestErrorMessage[0m finished, took 0.044 sec[0m
[0m[[0m[0minfo[0m] [0m[0mTest actors.[33mProjectProtocolTest[0m.[36mtestReadabilityResponse[0m started[0m
[0m[[0m[0mdebug[0m] [0m[0mTest actors.[33mProjectProtocolTest[0m.[36mtestReadabilityResponse[0m finished, took 0.047 sec[0m
[0m[[0m[0minfo[0m] [0m[0mTest actors.[33mProjectProtocolTest[0m.[36mtestUpdateApiAndReadabilityRef[0m started[0m
[0m[[0m[0mdebug[0m] [0m[0mTest actors.[33mProjectProtocolTest[0m.[36mtestUpdateApiAndReadabilityRef[0m finished, took 0.076 sec[0m
[0m[[0m[0minfo[0m] [0m[0mTest actors.[33mProjectProtocolTest[0m.[36mtestKeyWordSearch[0m started[0m
[0m[[0m[0mdebug[0m] [0m[0mTest actors.[33mProjectProtocolTest[0m.[36mtestKeyWordSearch[0m finished, took 0.03 sec[0m
[0m[[0m[0minfo[0m] [0m[0mTest actors.[33mProjectProtocolTest[0m.[36mtestReadabilityCheck[0m started[0m
[0m[[0m[0mdebug[0m] [0m[0mTest actors.[33mProjectProtocolTest[0m.[36mtestReadabilityCheck[0m finished, took 0.031 sec[0m
[0m[[0m[0minfo[0m] [0m[0m[34mTest run [0mactors.[33mProjectProtocolTest[0m[34m finished: [0m[34m0 failed[0m[34m, [0m[34m0 ignored[0m[34m, 5 total, 0.228s[0m[0m
[0m[[0m[0mdebug[0m] [0m[0m    Produced 0 nested tasks and 5 events.[0m
[0m[[0m[0mdebug[0m] [0m[0m  Running TaskDef(services.YTRestDirTest, sbt.ForkMain$AnnotatedFingerscan@1fc2b765, false, [SuiteSelector])[0m
[0m[[0m[0minfo[0m] [0m[0m[34mTest run [0mservices.[33mYTRestDirTest[0m[34m started[0m[0m
[0m[[0m[0minfo[0m] [0m[0mTest services.[33mYTRestDirTest[0m.[36mtestIOException_HTTPErrorCode[0m started[0m
[0m[[0m[0mdebug[0m] [0m[0mTest services.[33mYTRestDirTest[0m.[36mtestIOException_HTTPErrorCode[0m finished, took 0.973 sec[0m
[0m[[0m[0minfo[0m] [0m[0mTest services.[33mYTRestDirTest[0m.[36mtestURISyntaxException2[0m started[0m
[0m[[0m[0mdebug[0m] [0m[0mTest services.[33mYTRestDirTest[0m.[36mtestURISyntaxException2[0m finished, took 0.004 sec[0m
[0m[[0m[0minfo[0m] [0m[0mTest services.[33mYTRestDirTest[0m.[36mtestParseVideoDetails[0m started[0m
[0m[[0m[0mdebug[0m] [0m[0mTest services.[33mYTRestDirTest[0m.[36mtestParseVideoDetails[0m finished, took 0.003 sec[0m
[0m[[0m[0minfo[0m] [0m[0mTest services.[33mYTRestDirTest[0m.[36mtestGetVideoDetailsWithInvalidVideoId[0m started[0m
[0m[[0m[0mdebug[0m] [0m[0mTest services.[33mYTRestDirTest[0m.[36mtestGetVideoDetailsWithInvalidVideoId[0m finished, took 0.149 sec[0m
[0m[[0m[0minfo[0m] [0m[0mTest services.[33mYTRestDirTest[0m.[36mtestSearchVideosWithMockResponse[0m started[0m
[0m[[0m[0mdebug[0m] [0m[0mTest services.[33mYTRestDirTest[0m.[36mtestSearchVideosWithMockResponse[0m finished, took 0.008 sec[0m
[0m[[0m[0minfo[0m] [0m[0mTest services.[33mYTRestDirTest[0m.[36mtestGetVideoDetailsWithValidResponse[0m started[0m
[0m[[0m[0mdebug[0m] [0m[0mTest services.[33mYTRestDirTest[0m.[36mtestGetVideoDetailsWithValidResponse[0m finished, took 0.005 sec[0m
[0m[[0m[0minfo[0m] [0m[0m[34mTest run [0mservices.[33mYTRestDirTest[0m[34m finished: [0m[34m0 failed[0m[34m, [0m[34m0 ignored[0m[34m, 6 total, 1.143s[0m[0m
[0m[[0m[0mdebug[0m] [0m[0m    Produced 0 nested tasks and 6 events.[0m
[0m[[0m[0mdebug[0m] [0m[0m  Running TaskDef(actors.WebSocketActorTest, sbt.ForkMain$AnnotatedFingerscan@75881071, false, [SuiteSelector])[0m
[0m[[0m[0minfo[0m] [0m[0m[34mTest run [0mactors.[33mWebSocketActorTest[0m[34m started[0m[0m
[0m[[0m[0minfo[0m] [0m[0mTest actors.[33mWebSocketActorTest[0m.[36mtestReceiveKeyWordAndReturn[0m started[0m
[0m[[0m[31merror[0m] [0m[0mTest actors.[33mWebSocketActorTest[0m.[31mtestReceiveKeyWordAndReturn[0m failed: java.lang.[31mAssertionError[0m: null, took 0.154 sec[0m
[0m[[0m[31merror[0m] [0m[0m    at actors.WebSocketActorTest$1.<init>([35mWebSocketActorTest.java[0m:[33m111[0m)[0m
[0m[[0m[31merror[0m] [0m[0m    at actors.WebSocketActorTest.testReceiveKeyWordAndReturn([35mWebSocketActorTest.java[0m:[33m53[0m)[0m
[0m[[0m[31merror[0m] [0m[0m    at jdk.internal.reflect.NativeMethodAccessorImpl.invoke0(Native Method)[0m
[0m[[0m[31merror[0m] [0m[0m    at jdk.internal.reflect.NativeMethodAccessorImpl.invoke(NativeMethodAccessorImpl.java:62)[0m
[0m[[0m[31merror[0m] [0m[0m    at jdk.internal.reflect.DelegatingMethodAccessorImpl.invoke(DelegatingMethodAccessorImpl.java:43)[0m
[0m[[0m[31merror[0m] [0m[0m    at java.lang.reflect.Method.invoke(Method.java:566)[0m
[0m[[0m[31merror[0m] [0m[0m    ...[0m
[0m[[0m[0mdebug[0m] [0m[0mTest actors.[33mWebSocketActorTest[0m.[36mtestReceiveKeyWordAndReturn[0m finished, took 0.154 sec[0m
[0m[[0m[0minfo[0m] [0m[0m[34mTest run [0mactors.[33mWebSocketActorTest[0m[34m finished: [0m[31m1 failed[0m[34m, [0m[34m0 ignored[0m[34m, 1 total, 0.154s[0m[0m
[0m[[0m[0mdebug[0m] [0m[0m    Produced 0 nested tasks and 1 events.[0m
[0m[[0m[0mdebug[0m] [0m[0m  Running TaskDef(actors.ReadabilityActorTest, sbt.ForkMain$AnnotatedFingerscan@2a70a3d8, false, [SuiteSelector])[0m
[0m[[0m[0minfo[0m] [0m[0m[34mTest run [0mactors.[33mReadabilityActorTest[0m[34m started[0m[0m
[0m[[0m[0minfo[0m] [0m[0mTest actors.[33mReadabilityActorTest[0m.[36mtestReadabilityActor[0m started[0m
[0m[[0m[0mdebug[0m] [0m[0mTest actors.[33mReadabilityActorTest[0m.[36mtestReadabilityActor[0m finished, took 0.065 sec[0m
[0m[[0m[0minfo[0m] [0m[0m[34mTest run [0mactors.[33mReadabilityActorTest[0m[34m finished: [0m[34m0 failed[0m[34m, [0m[34m0 ignored[0m[34m, 1 total, 0.065s[0m[0m
[0m[[0m[0mdebug[0m] [0m[0m    Produced 0 nested tasks and 1 events.[0m
[0m[[0m[0mdebug[0m] [0m[0mSummary for JUnit not available.[0m
[0m[[0m[31merror[0m] [0m[0mFailed: Total 19, Failed 1, Errors 0, Passed 18[0m
[0m[[0m[0mdebug[0m] [0m[0mPassed tests:[0m
[0m[[0m[0mdebug[0m] [0m[0m	Model.SearchFormTest[0m
[0m[[0m[0mdebug[0m] [0m[0m	services.YTResponseTest[0m
[0m[[0m[0mdebug[0m] [0m[0m	actors.APIActorTest[0m
[0m[[0m[0mdebug[0m] [0m[0m	actors.ProjectProtocolTest[0m
[0m[[0m[0mdebug[0m] [0m[0m	services.YTRestDirTest[0m
[0m[[0m[0mdebug[0m] [0m[0m	actors.ReadabilityActorTest[0m
[0m[[0m[31merror[0m] [0m[0mFailed tests:[0m
[0m[[0m[31merror[0m] [0m[0m	actors.WebSocketActorTest[0m
[0m[[0m[31merror[0m] [0m[0m(Test / [31mtest[0m) sbt.TestsFailedException: Tests unsuccessful[0m
